C:\USERS\ADMINISTRATOR\DESKTOP\VS\ZUOBANBIAN\X64\DEBUG\ZUOBANBIAN.DLL
C:\USERS\ADMINISTRATOR\DESKTOP\VS\ZUOBANBIAN\X64\DEBUG\ZUOBANBIAN.DLL.MANIFEST
C:\Users\Administrator\Desktop\vs\zuobanbian\x64\Debug\zuobanbian.exp
C:\USERS\ADMINISTRATOR\DESKTOP\VS\ZUOBANBIAN\X64\DEBUG\ZUOBANBIAN.ILK
C:\Users\Administrator\Desktop\vs\zuobanbian\x64\Debug\zuobanbian.lib
C:\USERS\ADMINISTRATOR\DESKTOP\VS\ZUOBANBIAN\X64\DEBUG\ZUOBANBIAN.PDB
C:\Users\Administrator\Desktop\vs\zuobanbian\zuobanbian\x64\Debug\cl.command.1.tlog
C:\Users\Administrator\Desktop\vs\zuobanbian\zuobanbian\x64\Debug\CL.read.1.tlog
C:\Users\Administrator\Desktop\vs\zuobanbian\zuobanbian\x64\Debug\CL.write.1.tlog
C:\Users\Administrator\Desktop\vs\zuobanbian\zuobanbian\x64\Debug\link.2124.read.1.tlog
C:\Users\Administrator\Desktop\vs\zuobanbian\zuobanbian\x64\Debug\link.2124.write.1.tlog
C:\Users\Administrator\Desktop\vs\zuobanbian\zuobanbian\x64\Debug\link.3956.read.1.tlog
C:\Users\Administrator\Desktop\vs\zuobanbian\zuobanbian\x64\Debug\link.3956.write.1.tlog
C:\Users\Administrator\Desktop\vs\zuobanbian\zuobanbian\x64\Debug\link.4308.read.1.tlog
C:\Users\Administrator\Desktop\vs\zuobanbian\zuobanbian\x64\Debug\link.4308.write.1.tlog
C:\Users\Administrator\Desktop\vs\zuobanbian\zuobanbian\x64\Debug\link.6420.read.1.tlog
C:\Users\Administrator\Desktop\vs\zuobanbian\zuobanbian\x64\Debug\link.6420.write.1.tlog
C:\Users\Administrator\Desktop\vs\zuobanbian\zuobanbian\x64\Debug\link.7004.read.1.tlog
C:\Users\Administrator\Desktop\vs\zuobanbian\zuobanbian\x64\Debug\link.7004.write.1.tlog
C:\Users\Administrator\Desktop\vs\zuobanbian\zuobanbian\x64\Debug\link.7060.read.1.tlog
C:\Users\Administrator\Desktop\vs\zuobanbian\zuobanbian\x64\Debug\link.7060.write.1.tlog
C:\Users\Administrator\Desktop\vs\zuobanbian\zuobanbian\x64\Debug\link.7132.read.1.tlog
C:\Users\Administrator\Desktop\vs\zuobanbian\zuobanbian\x64\Debug\link.7132.write.1.tlog
C:\Users\Administrator\Desktop\vs\zuobanbian\zuobanbian\x64\Debug\link.7248.read.1.tlog
C:\Users\Administrator\Desktop\vs\zuobanbian\zuobanbian\x64\Debug\link.7248.write.1.tlog
C:\Users\Administrator\Desktop\vs\zuobanbian\zuobanbian\x64\Debug\link.7280.read.1.tlog
C:\Users\Administrator\Desktop\vs\zuobanbian\zuobanbian\x64\Debug\link.7280.write.1.tlog
C:\Users\Administrator\Desktop\vs\zuobanbian\zuobanbian\x64\Debug\link.7344.read.1.tlog
C:\Users\Administrator\Desktop\vs\zuobanbian\zuobanbian\x64\Debug\link.7344.write.1.tlog
C:\Users\Administrator\Desktop\vs\zuobanbian\zuobanbian\x64\Debug\link.command.1.tlog
C:\Users\Administrator\Desktop\vs\zuobanbian\zuobanbian\x64\Debug\link.read.1.tlog
C:\Users\Administrator\Desktop\vs\zuobanbian\zuobanbian\x64\Debug\link.write.1.tlog
C:\Users\Administrator\Desktop\vs\zuobanbian\zuobanbian\x64\Debug\mt.command.1.tlog
C:\Users\Administrator\Desktop\vs\zuobanbian\zuobanbian\x64\Debug\mt.read.1.tlog
C:\Users\Administrator\Desktop\vs\zuobanbian\zuobanbian\x64\Debug\mt.write.1.tlog
C:\USERS\ADMINISTRATOR\DESKTOP\VS\ZUOBANBIAN\ZUOBANBIAN\X64\DEBUG\VC100.PDB
C:\USERS\ADMINISTRATOR\DESKTOP\VS\ZUOBANBIAN\ZUOBANBIAN\X64\DEBUG\ZUOBANBIAN.DLL.INTERMEDIATE.MANIFEST
C:\USERS\ADMINISTRATOR\DESKTOP\VS\ZUOBANBIAN\ZUOBANBIAN\X64\DEBUG\ZUOBANBIAN.OBJ
C:\Users\Administrator\Desktop\vs\zuobanbian\zuobanbian\x64\Debug\zuobanbian.vcxprojResolveAssemblyReference.cache
C:\Users\Administrator\Desktop\vs\zuobanbian\zuobanbian\x64\Debug\zuobanbian.write.1.tlog
